<?xml version="1.0" encoding="UTF-8"?>
<!-- Generated by org.testng.reporters.JUnitReportReporter -->
<testsuite ignored="0" hostname="DESKTOP-ENLM4DU" failures="0" tests="4" name="org.data.B" time="0.027" errors="0" timestamp="06 Oct 2021 06:54:14 GMT" skipped="0">
  <testcase classname="org.data.B" name="TestB2" time="0.004"/>
  <testcase classname="org.data.B" name="TestB3" time="0.004"/>
  <testcase classname="org.data.B" name="TestB1" time="0.015"/>
  <testcase classname="org.data.B" name="TestB4" time="0.004"/>
</testsuite> <!-- org.data.B -->
